<?xml version="1.0" encoding="UTF-8"?>
<!-- Generated by org.testng.reporters.JUnitReportReporter -->
<testsuite hostname="Ramya" failures="0" tests="1" name="TestScript.AmazonTestScripts" time="248.519" errors="0" timestamp="2024-02-16T20:41:19 IST" skipped="0">
  <testcase classname="TestScript.AmazonTestScripts" name="amazonApplication" time="248.519"/>
</testsuite> <!-- TestScript.AmazonTestScripts -->
